Arguments: 
  C:\Program Files\nodejs\node.exe C:\Users\PC WARE\AppData\Roaming\npm\node_modules\yarn\bin\yarn.js add bcrypt class-transformer cross-env express jsonwebtoken pg reflect-metadatatypeorm

PATH: 
  C:\Program Files\Git\mingw64\bin;C:\Program Files\Git\usr\bin;C:\Users\PC WARE\bin;C:\Program Files (x86)\NVIDIA Corporation\PhysX\Common;C:\Windows\system32;C:\Windows;C:\Windows\System32\Wbem;C:\Windows\System32\WindowsPowerShell\v1.0;C:\Windows\System32\OpenSSH;C:\Program Files\Git\cmd;C:\Program Files\nodejs;C:\ProgramData\chocolatey\bin;C:\Users\PC WARE\AppData\Local\Programs\Python\Python311\Scripts;C:\Users\PC WARE\AppData\Local\Programs\Python\Python311;C:\Users\PC WARE\AppData\Local\Microsoft\WindowsApps;C:\Users\PC WARE\AppData\Local\Programs\Microsoft VS Code\bin;C:\Users\PC WARE\AppData\Roaming\npm;C:\Program Files\PostgreSQL\14\bin

Yarn version: 
  1.22.19

Node version: 
  16.16.0

Platform: 
  win32 x64

Trace: 
  Error: https://registry.yarnpkg.com/reflect-metadatatypeorm: Not found
      at Request.params.callback [as _callback] (C:\Users\PC WARE\AppData\Roaming\npm\node_modules\yarn\lib\cli.js:66145:18)
      at Request.self.callback (C:\Users\PC WARE\AppData\Roaming\npm\node_modules\yarn\lib\cli.js:140890:22)
      at Request.emit (node:events:527:28)
      at Request.<anonymous> (C:\Users\PC WARE\AppData\Roaming\npm\node_modules\yarn\lib\cli.js:141862:10)
      at Request.emit (node:events:527:28)
      at IncomingMessage.<anonymous> (C:\Users\PC WARE\AppData\Roaming\npm\node_modules\yarn\lib\cli.js:141784:12)
      at Object.onceWrapper (node:events:641:28)
      at IncomingMessage.emit (node:events:539:35)
      at endReadableNT (node:internal/streams/readable:1345:12)
      at processTicksAndRejections (node:internal/process/task_queues:83:21)

npm manifest: 
  {
    "name": "crud-nodejs",
    "version": "1.0.0",
    "main": "index.js",
    "repository": "git@github.com:DavidKauan04/crud-nodejs.git",
    "author": "David <davidkauandkad@outlook.com.br>",
    "license": "MIT",
    "scripts": {
      "dev": "ts-node-dev --ignore-watch node_modules src/server.ts",
      "typeorm": "typeorm-ts-node-commonjs",
      "test": "cross-env NODE_ENV=test SECRET_KEY=secret_key jest"
    },
    "devDependencies": {
      "typescript": "^4.9.5"
    }
  }

yarn manifest: 
  No manifest

Lockfile: 
  # THIS IS AN AUTOGENERATED FILE. DO NOT EDIT THIS FILE DIRECTLY.
  # yarn lockfile v1
  
  
  typescript@^4.9.5:
    version "4.9.5"
    resolved "https://registry.yarnpkg.com/typescript/-/typescript-4.9.5.tgz#095979f9bcc0d09da324d58d03ce8f8374cbe65a"
    integrity sha512-1FXk9E2Hm+QzZQ7z+McJiHL4NW1F2EzMu9Nq9i3zAaGqibafqYwCVU6WyWAuyQRRzOlxou8xZSyXLEN8oKj24g==
